ene 07, 2014 5:17:15 PM com.paedeias.controladores.CPrincipal$Handler uncaughtException
Información: java.lang.NullPointerException
	at com.paedeias.vistas.FHome.inicializar(FHome.java:388)
	at com.paedeias.vistas.FHome.<init>(FHome.java:48)
	at com.paedeias.vistas.VPrincipal.<init>(VPrincipal.java:186)
	at com.paedeias.controladores.CPrincipal.<init>(CPrincipal.java:187)
	at com.paedeias.controladores.CPrincipal.main(CPrincipal.java:204)

ene 07, 2014 5:45:14 PM com.paedeias.controladores.CPrincipal$Handler uncaughtException
Información: java.lang.NullPointerException
	at com.paedeias.helpers.Conexion.cerrarConexion(Conexion.java:186)
	at com.paedeias.vistas.VPrincipal.actionPerformed(VPrincipal.java:401)
	at javax.swing.Timer.fireActionPerformed(Timer.java:312)
	at javax.swing.Timer$DoPostEvent.run(Timer.java:244)
	at java.awt.event.InvocationEvent.dispatch(InvocationEvent.java:251)
	at java.awt.EventQueue.dispatchEventImpl(EventQueue.java:705)
	at java.awt.EventQueue.access$000(EventQueue.java:101)
	at java.awt.EventQueue$3.run(EventQueue.java:666)
	at java.awt.EventQueue$3.run(EventQueue.java:664)
	at java.security.AccessController.doPrivileged(Native Method)
	at java.security.ProtectionDomain$1.doIntersectionPrivilege(ProtectionDomain.java:76)
	at java.awt.EventQueue.dispatchEvent(EventQueue.java:675)
	at java.awt.EventDispatchThread.pumpOneEventForFilters(EventDispatchThread.java:211)
	at java.awt.EventDispatchThread.pumpEventsForFilter(EventDispatchThread.java:128)
	at java.awt.EventDispatchThread.pumpEventsForHierarchy(EventDispatchThread.java:117)
	at java.awt.EventDispatchThread.pumpEvents(EventDispatchThread.java:113)
	at java.awt.EventDispatchThread.pumpEvents(EventDispatchThread.java:105)
	at java.awt.EventDispatchThread.run(EventDispatchThread.java:90)

