may 17, 2014 12:10:45 PM com.paedeias.controladores.CPrincipal$Handler uncaughtException
Información: java.lang.NullPointerException
	at com.paedeias.controladores.Autenticar.validarLogin(Autenticar.java:44)
	at com.paedeias.vistas.VLogin$3.actionPerformed(VLogin.java:89)
	at javax.swing.AbstractButton.fireActionPerformed(AbstractButton.java:2018)
	at javax.swing.AbstractButton$Handler.actionPerformed(AbstractButton.java:2341)
	at javax.swing.DefaultButtonModel.fireActionPerformed(DefaultButtonModel.java:402)
	at javax.swing.DefaultButtonModel.setPressed(DefaultButtonModel.java:259)
	at javax.swing.AbstractButton.doClick(AbstractButton.java:376)
	at javax.swing.AbstractButton.doClick(AbstractButton.java:356)
	at com.paedeias.vistas.VLogin$2.actionPerformed(VLogin.java:80)
	at javax.swing.JTextField.fireActionPerformed(JTextField.java:508)
	at javax.swing.JTextField.postActionEvent(JTextField.java:721)
	at javax.swing.JTextField$NotifyAction.actionPerformed(JTextField.java:836)
	at javax.swing.SwingUtilities.notifyAction(SwingUtilities.java:1661)
	at javax.swing.JComponent.processKeyBinding(JComponent.java:2879)
	at javax.swing.JComponent.processKeyBindings(JComponent.java:2926)
	at javax.swing.JComponent.processKeyEvent(JComponent.java:2842)
	at java.awt.Component.processEvent(Component.java:6282)
	at java.awt.Container.processEvent(Container.java:2229)
	at java.awt.Component.dispatchEventImpl(Component.java:4861)
	at java.awt.Container.dispatchEventImpl(Container.java:2287)
	at java.awt.Component.dispatchEvent(Component.java:4687)
	at java.awt.KeyboardFocusManager.redispatchEvent(KeyboardFocusManager.java:1890)
	at java.awt.DefaultKeyboardFocusManager.dispatchKeyEvent(DefaultKeyboardFocusManager.java:752)
	at java.awt.DefaultKeyboardFocusManager.preDispatchKeyEvent(DefaultKeyboardFocusManager.java:1017)
	at java.awt.DefaultKeyboardFocusManager.typeAheadAssertions(DefaultKeyboardFocusManager.java:889)
	at java.awt.DefaultKeyboardFocusManager.dispatchEvent(DefaultKeyboardFocusManager.java:717)
	at java.awt.Component.dispatchEventImpl(Component.java:4731)
	at java.awt.Container.dispatchEventImpl(Container.java:2287)
	at java.awt.Window.dispatchEventImpl(Window.java:2713)
	at java.awt.Component.dispatchEvent(Component.java:4687)
	at java.awt.EventQueue.dispatchEventImpl(EventQueue.java:707)
	at java.awt.EventQueue.access$000(EventQueue.java:101)
	at java.awt.EventQueue$3.run(EventQueue.java:666)
	at java.awt.EventQueue$3.run(EventQueue.java:664)
	at java.security.AccessController.doPrivileged(Native Method)
	at java.security.ProtectionDomain$1.doIntersectionPrivilege(ProtectionDomain.java:76)
	at java.security.ProtectionDomain$1.doIntersectionPrivilege(ProtectionDomain.java:87)
	at java.awt.EventQueue$4.run(EventQueue.java:680)
	at java.awt.EventQueue$4.run(EventQueue.java:678)
	at java.security.AccessController.doPrivileged(Native Method)
	at java.security.ProtectionDomain$1.doIntersectionPrivilege(ProtectionDomain.java:76)
	at java.awt.EventQueue.dispatchEvent(EventQueue.java:677)
	at java.awt.EventDispatchThread.pumpOneEventForFilters(EventDispatchThread.java:211)
	at java.awt.EventDispatchThread.pumpEventsForFilter(EventDispatchThread.java:128)
	at java.awt.EventDispatchThread.pumpEventsForFilter(EventDispatchThread.java:121)
	at java.awt.WaitDispatchSupport$2.run(WaitDispatchSupport.java:182)
	at java.awt.event.InvocationEvent.dispatch(InvocationEvent.java:251)
	at java.awt.EventQueue.dispatchEventImpl(EventQueue.java:705)
	at java.awt.EventQueue.access$000(EventQueue.java:101)
	at java.awt.EventQueue$3.run(EventQueue.java:666)
	at java.awt.EventQueue$3.run(EventQueue.java:664)
	at java.security.AccessController.doPrivileged(Native Method)
	at java.security.ProtectionDomain$1.doIntersectionPrivilege(ProtectionDomain.java:76)
	at java.awt.EventQueue.dispatchEvent(EventQueue.java:675)
	at java.awt.EventDispatchThread.pumpOneEventForFilters(EventDispatchThread.java:211)
	at java.awt.EventDispatchThread.pumpEventsForFilter(EventDispatchThread.java:128)
	at java.awt.EventDispatchThread.pumpEventsForHierarchy(EventDispatchThread.java:117)
	at java.awt.EventDispatchThread.pumpEvents(EventDispatchThread.java:113)
	at java.awt.EventDispatchThread.pumpEvents(EventDispatchThread.java:105)
	at java.awt.EventDispatchThread.run(EventDispatchThread.java:90)

