ene 07, 2014 4:28:33 PM com.paedeias.controladores.CPrincipal$Handler uncaughtException
Información: java.lang.OutOfMemoryError: Java heap space
	at java.util.ArrayList.subList(ArrayList.java:915)
	at java.lang.String.split(String.java:2359)
	at java.lang.String.split(String.java:2403)
	at com.paedeias.helpers.hUsuarios.consultaUsuarios(hUsuarios.java:81)
	at com.paedeias.controladores.Autenticar.validarLogin(Autenticar.java:43)
	at com.paedeias.vistas.VLogin$3.actionPerformed(VLogin.java:89)
	at javax.swing.AbstractButton.fireActionPerformed(AbstractButton.java:2018)
	at javax.swing.AbstractButton$Handler.actionPerformed(AbstractButton.java:2341)
	at javax.swing.DefaultButtonModel.fireActionPerformed(DefaultButtonModel.java:402)
	at javax.swing.DefaultButtonModel.setPressed(DefaultButtonModel.java:259)
	at javax.swing.AbstractButton.doClick(AbstractButton.java:376)
	at javax.swing.AbstractButton.doClick(AbstractButton.java:356)
	at com.paedeias.vistas.VLogin$2.actionPerformed(VLogin.java:80)
	at javax.swing.JTextField.fireActionPerformed(JTextField.java:508)
	at javax.swing.JTextField.postActionEvent(JTextField.java:721)
	at javax.swing.JTextField$NotifyAction.actionPerformed(JTextField.java:836)
	at javax.swing.SwingUtilities.notifyAction(SwingUtilities.java:1661)
	at javax.swing.JComponent.processKeyBinding(JComponent.java:2879)
	at javax.swing.JComponent.processKeyBindings(JComponent.java:2926)
	at javax.swing.JComponent.processKeyEvent(JComponent.java:2842)
	at java.awt.Component.processEvent(Component.java:6282)
	at java.awt.Container.processEvent(Container.java:2229)
	at java.awt.Component.dispatchEventImpl(Component.java:4861)
	at java.awt.Container.dispatchEventImpl(Container.java:2287)
	at java.awt.Component.dispatchEvent(Component.java:4687)
	at java.awt.KeyboardFocusManager.redispatchEvent(KeyboardFocusManager.java:1890)
	at java.awt.DefaultKeyboardFocusManager.dispatchKeyEvent(DefaultKeyboardFocusManager.java:752)
	at java.awt.DefaultKeyboardFocusManager.preDispatchKeyEvent(DefaultKeyboardFocusManager.java:1017)
	at java.awt.DefaultKeyboardFocusManager.typeAheadAssertions(DefaultKeyboardFocusManager.java:889)
	at java.awt.DefaultKeyboardFocusManager.dispatchEvent(DefaultKeyboardFocusManager.java:717)
	at java.awt.Component.dispatchEventImpl(Component.java:4731)
	at java.awt.Container.dispatchEventImpl(Container.java:2287)

